The system is: Linux - 3.10.0-1160.53.1.el7.x86_64 - x86_64
Compiling the C compiler identification source file "CMakeCCompilerId.c" succeeded.
Compiler: /cvmfs/dune.opensciencegrid.org/products/dune/gcc/v7_3_0/Linux64bit+3.10-2.17/bin/cc 
Build flags: 
Id flags:  

The output was:
0


Compilation of the C compiler identification source "CMakeCCompilerId.c" produced "a.out"

The C compiler identification is GNU, found in "/dune/app/users/hamza/standalone_sim_Xe_jobs/vdrift_build/CMakeFiles/3.13.1/CompilerIdC/a.out"

Compiling the CXX compiler identification source file "CMakeCXXCompilerId.cpp" succeeded.
Compiler: /cvmfs/dune.opensciencegrid.org/products/dune/gcc/v7_3_0/Linux64bit+3.10-2.17/bin/c++ 
Build flags: 
Id flags:  

The output was:
0


Compilation of the CXX compiler identification source "CMakeCXXCompilerId.cpp" produced "a.out"

The CXX compiler identification is GNU, found in "/dune/app/users/hamza/standalone_sim_Xe_jobs/vdrift_build/CMakeFiles/3.13.1/CompilerIdCXX/a.out"

Determining if the C compiler works passed with the following output:
Change Dir: /dune/app/users/hamza/standalone_sim_Xe_jobs/vdrift_build/CMakeFiles/CMakeTmp

Run Build Command:"/usr/bin/gmake" "cmTC_77597/fast"
/usr/bin/gmake -f CMakeFiles/cmTC_77597.dir/build.make CMakeFiles/cmTC_77597.dir/build
gmake[1]: Entering directory `/dune/app/users/hamza/standalone_sim_Xe_jobs/vdrift_build/CMakeFiles/CMakeTmp'
Building C object CMakeFiles/cmTC_77597.dir/testCCompiler.c.o
/cvmfs/dune.opensciencegrid.org/products/dune/gcc/v7_3_0/Linux64bit+3.10-2.17/bin/cc    -o CMakeFiles/cmTC_77597.dir/testCCompiler.c.o   -c /dune/app/users/hamza/standalone_sim_Xe_jobs/vdrift_build/CMakeFiles/CMakeTmp/testCCompiler.c
Linking C executable cmTC_77597
/cvmfs/larsoft.opensciencegrid.org/products/cmake/v3_13_1/Linux64bit+3.10-2.17/bin/cmake -E cmake_link_script CMakeFiles/cmTC_77597.dir/link.txt --verbose=1
/cvmfs/dune.opensciencegrid.org/products/dune/gcc/v7_3_0/Linux64bit+3.10-2.17/bin/cc      -rdynamic CMakeFiles/cmTC_77597.dir/testCCompiler.c.o  -o cmTC_77597 
gmake[1]: Leaving directory `/dune/app/users/hamza/standalone_sim_Xe_jobs/vdrift_build/CMakeFiles/CMakeTmp'


Detecting C compiler ABI info compiled with the following output:
Change Dir: /dune/app/users/hamza/standalone_sim_Xe_jobs/vdrift_build/CMakeFiles/CMakeTmp

Run Build Command:"/usr/bin/gmake" "cmTC_2caab/fast"
/usr/bin/gmake -f CMakeFiles/cmTC_2caab.dir/build.make CMakeFiles/cmTC_2caab.dir/build
gmake[1]: Entering directory `/dune/app/users/hamza/standalone_sim_Xe_jobs/vdrift_build/CMakeFiles/CMakeTmp'
Building C object CMakeFiles/cmTC_2caab.dir/CMakeCCompilerABI.c.o
/cvmfs/dune.opensciencegrid.org/products/dune/gcc/v7_3_0/Linux64bit+3.10-2.17/bin/cc    -o CMakeFiles/cmTC_2caab.dir/CMakeCCompilerABI.c.o   -c /cvmfs/larsoft.opensciencegrid.org/products/cmake/v3_13_1/Linux64bit+3.10-2.17/share/cmake-3.13/Modules/CMakeCCompilerABI.c
Linking C executable cmTC_2caab
/cvmfs/larsoft.opensciencegrid.org/products/cmake/v3_13_1/Linux64bit+3.10-2.17/bin/cmake -E cmake_link_script CMakeFiles/cmTC_2caab.dir/link.txt --verbose=1
/cvmfs/dune.opensciencegrid.org/products/dune/gcc/v7_3_0/Linux64bit+3.10-2.17/bin/cc     -v -rdynamic CMakeFiles/cmTC_2caab.dir/CMakeCCompilerABI.c.o  -o cmTC_2caab 
Using built-in specs.
COLLECT_GCC=/cvmfs/dune.opensciencegrid.org/products/dune/gcc/v7_3_0/Linux64bit+3.10-2.17/bin/cc
COLLECT_LTO_WRAPPER=/cvmfs/dune.opensciencegrid.org/products/dune/gcc/v7_3_0/Linux64bit+3.10-2.17/bin/../libexec/gcc/x86_64-pc-linux-gnu/7.3.0/lto-wrapper
Target: x86_64-pc-linux-gnu
Configured with: ./configure --prefix=/scratch/workspace/art-build-base/v10_00_02/SLF7/build/gcc/v7_3_0/Linux64bit+3.10-2.17 --disable-libgcj --enable-threads=posix --enable-__cxa_atexit --enable-languages=c,c++,fortran,lto --with-system-zlib --enable-libstdcxx-time=rt --enable-stage1-checking=yes --enable-checking=release --enable-lto --enable-plugin
Thread model: posix
gcc version 7.3.0 (GCC) 
COMPILER_PATH=/cvmfs/dune.opensciencegrid.org/products/dune/gcc/v7_3_0/Linux64bit+3.10-2.17/bin/../libexec/gcc/x86_64-pc-linux-gnu/7.3.0/:/cvmfs/dune.opensciencegrid.org/products/dune/gcc/v7_3_0/Linux64bit+3.10-2.17/bin/../libexec/gcc/:/cvmfs/dune.opensciencegrid.org/products/dune/gcc/v7_3_0/Linux64bit+3.10-2.17/bin/
LIBRARY_PATH=/cvmfs/dune.opensciencegrid.org/products/dune/gcc/v7_3_0/Linux64bit+3.10-2.17/bin/../lib/gcc/x86_64-pc-linux-gnu/7.3.0/:/cvmfs/dune.opensciencegrid.org/products/dune/gcc/v7_3_0/Linux64bit+3.10-2.17/bin/../lib/gcc/:/cvmfs/dune.opensciencegrid.org/products/dune/gcc/v7_3_0/Linux64bit+3.10-2.17/bin/../lib/gcc/x86_64-pc-linux-gnu/7.3.0/../../../../lib64/:/lib/../lib64/:/usr/lib/../lib64/:/cvmfs/dune.opensciencegrid.org/products/dune/gcc/v7_3_0/Linux64bit+3.10-2.17/bin/../lib/gcc/x86_64-pc-linux-gnu/7.3.0/../../../:/lib/:/usr/lib/
COLLECT_GCC_OPTIONS='-v' '-rdynamic' '-o' 'cmTC_2caab' '-mtune=generic' '-march=x86-64'
 /cvmfs/dune.opensciencegrid.org/products/dune/gcc/v7_3_0/Linux64bit+3.10-2.17/bin/../libexec/gcc/x86_64-pc-linux-gnu/7.3.0/collect2 -plugin /cvmfs/dune.opensciencegrid.org/products/dune/gcc/v7_3_0/Linux64bit+3.10-2.17/bin/../libexec/gcc/x86_64-pc-linux-gnu/7.3.0/liblto_plugin.so -plugin-opt=/cvmfs/dune.opensciencegrid.org/products/dune/gcc/v7_3_0/Linux64bit+3.10-2.17/bin/../libexec/gcc/x86_64-pc-linux-gnu/7.3.0/lto-wrapper -plugin-opt=-fresolution=/tmp/ccmiRqTY.res -plugin-opt=-pass-through=-lgcc -plugin-opt=-pass-through=-lgcc_s -plugin-opt=-pass-through=-lc -plugin-opt=-pass-through=-lgcc -plugin-opt=-pass-through=-lgcc_s --eh-frame-hdr -m elf_x86_64 -export-dynamic -dynamic-linker /lib64/ld-linux-x86-64.so.2 -o cmTC_2caab /lib/../lib64/crt1.o /lib/../lib64/crti.o /cvmfs/dune.opensciencegrid.org/products/dune/gcc/v7_3_0/Linux64bit+3.10-2.17/bin/../lib/gcc/x86_64-pc-linux-gnu/7.3.0/crtbegin.o -L/cvmfs/dune.opensciencegrid.org/products/dune/gcc/v7_3_0/Linux64bit+3.10-2.17/bin/../lib/gcc/x86_64-pc-linux-gnu/7.3.0 -L/cvmfs/dune.opensciencegrid.org/products/dune/gcc/v7_3_0/Linux64bit+3.10-2.17/bin/../lib/gcc -L/cvmfs/dune.opensciencegrid.org/products/dune/gcc/v7_3_0/Linux64bit+3.10-2.17/bin/../lib/gcc/x86_64-pc-linux-gnu/7.3.0/../../../../lib64 -L/lib/../lib64 -L/usr/lib/../lib64 -L/cvmfs/dune.opensciencegrid.org/products/dune/gcc/v7_3_0/Linux64bit+3.10-2.17/bin/../lib/gcc/x86_64-pc-linux-gnu/7.3.0/../../.. CMakeFiles/cmTC_2caab.dir/CMakeCCompilerABI.c.o -lgcc --as-needed -lgcc_s --no-as-needed -lc -lgcc --as-needed -lgcc_s --no-as-needed /cvmfs/dune.opensciencegrid.org/products/dune/gcc/v7_3_0/Linux64bit+3.10-2.17/bin/../lib/gcc/x86_64-pc-linux-gnu/7.3.0/crtend.o /lib/../lib64/crtn.o
COLLECT_GCC_OPTIONS='-v' '-rdynamic' '-o' 'cmTC_2caab' '-mtune=generic' '-march=x86-64'
gmake[1]: Leaving directory `/dune/app/users/hamza/standalone_sim_Xe_jobs/vdrift_build/CMakeFiles/CMakeTmp'


Parsed C implicit link information from above output:
  link line regex: [^( *|.*[/\])(ld|CMAKE_LINK_STARTFILE-NOTFOUND|([^/\]+-)?ld|collect2)[^/\]*( |$)]
  ignore line: [Change Dir: /dune/app/users/hamza/standalone_sim_Xe_jobs/vdrift_build/CMakeFiles/CMakeTmp]
  ignore line: []
  ignore line: [Run Build Command:"/usr/bin/gmake" "cmTC_2caab/fast"]
  ignore line: [/usr/bin/gmake -f CMakeFiles/cmTC_2caab.dir/build.make CMakeFiles/cmTC_2caab.dir/build]
  ignore line: [gmake[1]: Entering directory `/dune/app/users/hamza/standalone_sim_Xe_jobs/vdrift_build/CMakeFiles/CMakeTmp']
  ignore line: [Building C object CMakeFiles/cmTC_2caab.dir/CMakeCCompilerABI.c.o]
  ignore line: [/cvmfs/dune.opensciencegrid.org/products/dune/gcc/v7_3_0/Linux64bit+3.10-2.17/bin/cc    -o CMakeFiles/cmTC_2caab.dir/CMakeCCompilerABI.c.o   -c /cvmfs/larsoft.opensciencegrid.org/products/cmake/v3_13_1/Linux64bit+3.10-2.17/share/cmake-3.13/Modules/CMakeCCompilerABI.c]
  ignore line: [Linking C executable cmTC_2caab]
  ignore line: [/cvmfs/larsoft.opensciencegrid.org/products/cmake/v3_13_1/Linux64bit+3.10-2.17/bin/cmake -E cmake_link_script CMakeFiles/cmTC_2caab.dir/link.txt --verbose=1]
  ignore line: [/cvmfs/dune.opensciencegrid.org/products/dune/gcc/v7_3_0/Linux64bit+3.10-2.17/bin/cc     -v -rdynamic CMakeFiles/cmTC_2caab.dir/CMakeCCompilerABI.c.o  -o cmTC_2caab ]
  ignore line: [Using built-in specs.]
  ignore line: [COLLECT_GCC=/cvmfs/dune.opensciencegrid.org/products/dune/gcc/v7_3_0/Linux64bit+3.10-2.17/bin/cc]
  ignore line: [COLLECT_LTO_WRAPPER=/cvmfs/dune.opensciencegrid.org/products/dune/gcc/v7_3_0/Linux64bit+3.10-2.17/bin/../libexec/gcc/x86_64-pc-linux-gnu/7.3.0/lto-wrapper]
  ignore line: [Target: x86_64-pc-linux-gnu]
  ignore line: [Configured with: ./configure --prefix=/scratch/workspace/art-build-base/v10_00_02/SLF7/build/gcc/v7_3_0/Linux64bit+3.10-2.17 --disable-libgcj --enable-threads=posix --enable-__cxa_atexit --enable-languages=c,c++,fortran,lto --with-system-zlib --enable-libstdcxx-time=rt --enable-stage1-checking=yes --enable-checking=release --enable-lto --enable-plugin]
  ignore line: [Thread model: posix]
  ignore line: [gcc version 7.3.0 (GCC) ]
  ignore line: [COMPILER_PATH=/cvmfs/dune.opensciencegrid.org/products/dune/gcc/v7_3_0/Linux64bit+3.10-2.17/bin/../libexec/gcc/x86_64-pc-linux-gnu/7.3.0/:/cvmfs/dune.opensciencegrid.org/products/dune/gcc/v7_3_0/Linux64bit+3.10-2.17/bin/../libexec/gcc/:/cvmfs/dune.opensciencegrid.org/products/dune/gcc/v7_3_0/Linux64bit+3.10-2.17/bin/]
  ignore line: [LIBRARY_PATH=/cvmfs/dune.opensciencegrid.org/products/dune/gcc/v7_3_0/Linux64bit+3.10-2.17/bin/../lib/gcc/x86_64-pc-linux-gnu/7.3.0/:/cvmfs/dune.opensciencegrid.org/products/dune/gcc/v7_3_0/Linux64bit+3.10-2.17/bin/../lib/gcc/:/cvmfs/dune.opensciencegrid.org/products/dune/gcc/v7_3_0/Linux64bit+3.10-2.17/bin/../lib/gcc/x86_64-pc-linux-gnu/7.3.0/../../../../lib64/:/lib/../lib64/:/usr/lib/../lib64/:/cvmfs/dune.opensciencegrid.org/products/dune/gcc/v7_3_0/Linux64bit+3.10-2.17/bin/../lib/gcc/x86_64-pc-linux-gnu/7.3.0/../../../:/lib/:/usr/lib/]
  ignore line: [COLLECT_GCC_OPTIONS='-v' '-rdynamic' '-o' 'cmTC_2caab' '-mtune=generic' '-march=x86-64']
  link line: [ /cvmfs/dune.opensciencegrid.org/products/dune/gcc/v7_3_0/Linux64bit+3.10-2.17/bin/../libexec/gcc/x86_64-pc-linux-gnu/7.3.0/collect2 -plugin /cvmfs/dune.opensciencegrid.org/products/dune/gcc/v7_3_0/Linux64bit+3.10-2.17/bin/../libexec/gcc/x86_64-pc-linux-gnu/7.3.0/liblto_plugin.so -plugin-opt=/cvmfs/dune.opensciencegrid.org/products/dune/gcc/v7_3_0/Linux64bit+3.10-2.17/bin/../libexec/gcc/x86_64-pc-linux-gnu/7.3.0/lto-wrapper -plugin-opt=-fresolution=/tmp/ccmiRqTY.res -plugin-opt=-pass-through=-lgcc -plugin-opt=-pass-through=-lgcc_s -plugin-opt=-pass-through=-lc -plugin-opt=-pass-through=-lgcc -plugin-opt=-pass-through=-lgcc_s --eh-frame-hdr -m elf_x86_64 -export-dynamic -dynamic-linker /lib64/ld-linux-x86-64.so.2 -o cmTC_2caab /lib/../lib64/crt1.o /lib/../lib64/crti.o /cvmfs/dune.opensciencegrid.org/products/dune/gcc/v7_3_0/Linux64bit+3.10-2.17/bin/../lib/gcc/x86_64-pc-linux-gnu/7.3.0/crtbegin.o -L/cvmfs/dune.opensciencegrid.org/products/dune/gcc/v7_3_0/Linux64bit+3.10-2.17/bin/../lib/gcc/x86_64-pc-linux-gnu/7.3.0 -L/cvmfs/dune.opensciencegrid.org/products/dune/gcc/v7_3_0/Linux64bit+3.10-2.17/bin/../lib/gcc -L/cvmfs/dune.opensciencegrid.org/products/dune/gcc/v7_3_0/Linux64bit+3.10-2.17/bin/../lib/gcc/x86_64-pc-linux-gnu/7.3.0/../../../../lib64 -L/lib/../lib64 -L/usr/lib/../lib64 -L/cvmfs/dune.opensciencegrid.org/products/dune/gcc/v7_3_0/Linux64bit+3.10-2.17/bin/../lib/gcc/x86_64-pc-linux-gnu/7.3.0/../../.. CMakeFiles/cmTC_2caab.dir/CMakeCCompilerABI.c.o -lgcc --as-needed -lgcc_s --no-as-needed -lc -lgcc --as-needed -lgcc_s --no-as-needed /cvmfs/dune.opensciencegrid.org/products/dune/gcc/v7_3_0/Linux64bit+3.10-2.17/bin/../lib/gcc/x86_64-pc-linux-gnu/7.3.0/crtend.o /lib/../lib64/crtn.o]
    arg [/cvmfs/dune.opensciencegrid.org/products/dune/gcc/v7_3_0/Linux64bit+3.10-2.17/bin/../libexec/gcc/x86_64-pc-linux-gnu/7.3.0/collect2] ==> ignore
    arg [-plugin] ==> ignore
    arg [/cvmfs/dune.opensciencegrid.org/products/dune/gcc/v7_3_0/Linux64bit+3.10-2.17/bin/../libexec/gcc/x86_64-pc-linux-gnu/7.3.0/liblto_plugin.so] ==> ignore
    arg [-plugin-opt=/cvmfs/dune.opensciencegrid.org/products/dune/gcc/v7_3_0/Linux64bit+3.10-2.17/bin/../libexec/gcc/x86_64-pc-linux-gnu/7.3.0/lto-wrapper] ==> ignore
    arg [-plugin-opt=-fresolution=/tmp/ccmiRqTY.res] ==> ignore
    arg [-plugin-opt=-pass-through=-lgcc] ==> ignore
    arg [-plugin-opt=-pass-through=-lgcc_s] ==> ignore
    arg [-plugin-opt=-pass-through=-lc] ==> ignore
    arg [-plugin-opt=-pass-through=-lgcc] ==> ignore
    arg [-plugin-opt=-pass-through=-lgcc_s] ==> ignore
    arg [--eh-frame-hdr] ==> ignore
    arg [-m] ==> ignore
    arg [elf_x86_64] ==> ignore
    arg [-export-dynamic] ==> ignore
    arg [-dynamic-linker] ==> ignore
    arg [/lib64/ld-linux-x86-64.so.2] ==> ignore
    arg [-o] ==> ignore
    arg [cmTC_2caab] ==> ignore
    arg [/lib/../lib64/crt1.o] ==> ignore
    arg [/lib/../lib64/crti.o] ==> ignore
    arg [/cvmfs/dune.opensciencegrid.org/products/dune/gcc/v7_3_0/Linux64bit+3.10-2.17/bin/../lib/gcc/x86_64-pc-linux-gnu/7.3.0/crtbegin.o] ==> ignore
    arg [-L/cvmfs/dune.opensciencegrid.org/products/dune/gcc/v7_3_0/Linux64bit+3.10-2.17/bin/../lib/gcc/x86_64-pc-linux-gnu/7.3.0] ==> dir [/cvmfs/dune.opensciencegrid.org/products/dune/gcc/v7_3_0/Linux64bit+3.10-2.17/bin/../lib/gcc/x86_64-pc-linux-gnu/7.3.0]
    arg [-L/cvmfs/dune.opensciencegrid.org/products/dune/gcc/v7_3_0/Linux64bit+3.10-2.17/bin/../lib/gcc] ==> dir [/cvmfs/dune.opensciencegrid.org/products/dune/gcc/v7_3_0/Linux64bit+3.10-2.17/bin/../lib/gcc]
    arg [-L/cvmfs/dune.opensciencegrid.org/products/dune/gcc/v7_3_0/Linux64bit+3.10-2.17/bin/../lib/gcc/x86_64-pc-linux-gnu/7.3.0/../../../../lib64] ==> dir [/cvmfs/dune.opensciencegrid.org/products/dune/gcc/v7_3_0/Linux64bit+3.10-2.17/bin/../lib/gcc/x86_64-pc-linux-gnu/7.3.0/../../../../lib64]
    arg [-L/lib/../lib64] ==> dir [/lib/../lib64]
    arg [-L/usr/lib/../lib64] ==> dir [/usr/lib/../lib64]
    arg [-L/cvmfs/dune.opensciencegrid.org/products/dune/gcc/v7_3_0/Linux64bit+3.10-2.17/bin/../lib/gcc/x86_64-pc-linux-gnu/7.3.0/../../..] ==> dir [/cvmfs/dune.opensciencegrid.org/products/dune/gcc/v7_3_0/Linux64bit+3.10-2.17/bin/../lib/gcc/x86_64-pc-linux-gnu/7.3.0/../../..]
    arg [CMakeFiles/cmTC_2caab.dir/CMakeCCompilerABI.c.o] ==> ignore
    arg [-lgcc] ==> lib [gcc]
    arg [--as-needed] ==> ignore
    arg [-lgcc_s] ==> lib [gcc_s]
    arg [--no-as-needed] ==> ignore
    arg [-lc] ==> lib [c]
    arg [-lgcc] ==> lib [gcc]
    arg [--as-needed] ==> ignore
    arg [-lgcc_s] ==> lib [gcc_s]
    arg [--no-as-needed] ==> ignore
    arg [/cvmfs/dune.opensciencegrid.org/products/dune/gcc/v7_3_0/Linux64bit+3.10-2.17/bin/../lib/gcc/x86_64-pc-linux-gnu/7.3.0/crtend.o] ==> ignore
    arg [/lib/../lib64/crtn.o] ==> ignore
  collapse library dir [/cvmfs/dune.opensciencegrid.org/products/dune/gcc/v7_3_0/Linux64bit+3.10-2.17/bin/../lib/gcc/x86_64-pc-linux-gnu/7.3.0] ==> [/cvmfs/dune.opensciencegrid.org/products/dune/gcc/v7_3_0/Linux64bit+3.10-2.17/lib/gcc/x86_64-pc-linux-gnu/7.3.0]
  collapse library dir [/cvmfs/dune.opensciencegrid.org/products/dune/gcc/v7_3_0/Linux64bit+3.10-2.17/bin/../lib/gcc] ==> [/cvmfs/dune.opensciencegrid.org/products/dune/gcc/v7_3_0/Linux64bit+3.10-2.17/lib/gcc]
  collapse library dir [/cvmfs/dune.opensciencegrid.org/products/dune/gcc/v7_3_0/Linux64bit+3.10-2.17/bin/../lib/gcc/x86_64-pc-linux-gnu/7.3.0/../../../../lib64] ==> [/cvmfs/dune.opensciencegrid.org/products/dune/gcc/v7_3_0/Linux64bit+3.10-2.17/lib64]
  collapse library dir [/lib/../lib64] ==> [/lib64]
  collapse library dir [/usr/lib/../lib64] ==> [/usr/lib64]
  collapse library dir [/cvmfs/dune.opensciencegrid.org/products/dune/gcc/v7_3_0/Linux64bit+3.10-2.17/bin/../lib/gcc/x86_64-pc-linux-gnu/7.3.0/../../..] ==> [/cvmfs/dune.opensciencegrid.org/products/dune/gcc/v7_3_0/Linux64bit+3.10-2.17/lib]
  implicit libs: [gcc;gcc_s;c;gcc;gcc_s]
  implicit dirs: [/cvmfs/dune.opensciencegrid.org/products/dune/gcc/v7_3_0/Linux64bit+3.10-2.17/lib/gcc/x86_64-pc-linux-gnu/7.3.0;/cvmfs/dune.opensciencegrid.org/products/dune/gcc/v7_3_0/Linux64bit+3.10-2.17/lib/gcc;/cvmfs/dune.opensciencegrid.org/products/dune/gcc/v7_3_0/Linux64bit+3.10-2.17/lib64;/lib64;/usr/lib64;/cvmfs/dune.opensciencegrid.org/products/dune/gcc/v7_3_0/Linux64bit+3.10-2.17/lib]
  implicit fwks: []




Detecting C [-std=c11] compiler features compiled with the following output:
Change Dir: /dune/app/users/hamza/standalone_sim_Xe_jobs/vdrift_build/CMakeFiles/CMakeTmp

Run Build Command:"/usr/bin/gmake" "cmTC_652d0/fast"
/usr/bin/gmake -f CMakeFiles/cmTC_652d0.dir/build.make CMakeFiles/cmTC_652d0.dir/build
gmake[1]: Entering directory `/dune/app/users/hamza/standalone_sim_Xe_jobs/vdrift_build/CMakeFiles/CMakeTmp'
Building C object CMakeFiles/cmTC_652d0.dir/feature_tests.c.o
/cvmfs/dune.opensciencegrid.org/products/dune/gcc/v7_3_0/Linux64bit+3.10-2.17/bin/cc   -std=c11 -o CMakeFiles/cmTC_652d0.dir/feature_tests.c.o   -c /dune/app/users/hamza/standalone_sim_Xe_jobs/vdrift_build/CMakeFiles/feature_tests.c
Linking C executable cmTC_652d0
/cvmfs/larsoft.opensciencegrid.org/products/cmake/v3_13_1/Linux64bit+3.10-2.17/bin/cmake -E cmake_link_script CMakeFiles/cmTC_652d0.dir/link.txt --verbose=1
/cvmfs/dune.opensciencegrid.org/products/dune/gcc/v7_3_0/Linux64bit+3.10-2.17/bin/cc      -rdynamic CMakeFiles/cmTC_652d0.dir/feature_tests.c.o  -o cmTC_652d0 
gmake[1]: Leaving directory `/dune/app/users/hamza/standalone_sim_Xe_jobs/vdrift_build/CMakeFiles/CMakeTmp'


    Feature record: C_FEATURE:1c_function_prototypes
    Feature record: C_FEATURE:1c_restrict
    Feature record: C_FEATURE:1c_static_assert
    Feature record: C_FEATURE:1c_variadic_macros


Detecting C [-std=c99] compiler features compiled with the following output:
Change Dir: /dune/app/users/hamza/standalone_sim_Xe_jobs/vdrift_build/CMakeFiles/CMakeTmp

Run Build Command:"/usr/bin/gmake" "cmTC_ef146/fast"
/usr/bin/gmake -f CMakeFiles/cmTC_ef146.dir/build.make CMakeFiles/cmTC_ef146.dir/build
gmake[1]: Entering directory `/dune/app/users/hamza/standalone_sim_Xe_jobs/vdrift_build/CMakeFiles/CMakeTmp'
Building C object CMakeFiles/cmTC_ef146.dir/feature_tests.c.o
/cvmfs/dune.opensciencegrid.org/products/dune/gcc/v7_3_0/Linux64bit+3.10-2.17/bin/cc   -std=c99 -o CMakeFiles/cmTC_ef146.dir/feature_tests.c.o   -c /dune/app/users/hamza/standalone_sim_Xe_jobs/vdrift_build/CMakeFiles/feature_tests.c
Linking C executable cmTC_ef146
/cvmfs/larsoft.opensciencegrid.org/products/cmake/v3_13_1/Linux64bit+3.10-2.17/bin/cmake -E cmake_link_script CMakeFiles/cmTC_ef146.dir/link.txt --verbose=1
/cvmfs/dune.opensciencegrid.org/products/dune/gcc/v7_3_0/Linux64bit+3.10-2.17/bin/cc      -rdynamic CMakeFiles/cmTC_ef146.dir/feature_tests.c.o  -o cmTC_ef146 
gmake[1]: Leaving directory `/dune/app/users/hamza/standalone_sim_Xe_jobs/vdrift_build/CMakeFiles/CMakeTmp'


    Feature record: C_FEATURE:1c_function_prototypes
    Feature record: C_FEATURE:1c_restrict
    Feature record: C_FEATURE:0c_static_assert
    Feature record: C_FEATURE:1c_variadic_macros


Detecting C [-std=c90] compiler features compiled with the following output:
Change Dir: /dune/app/users/hamza/standalone_sim_Xe_jobs/vdrift_build/CMakeFiles/CMakeTmp

Run Build Command:"/usr/bin/gmake" "cmTC_37c2f/fast"
/usr/bin/gmake -f CMakeFiles/cmTC_37c2f.dir/build.make CMakeFiles/cmTC_37c2f.dir/build
gmake[1]: Entering directory `/dune/app/users/hamza/standalone_sim_Xe_jobs/vdrift_build/CMakeFiles/CMakeTmp'
Building C object CMakeFiles/cmTC_37c2f.dir/feature_tests.c.o
/cvmfs/dune.opensciencegrid.org/products/dune/gcc/v7_3_0/Linux64bit+3.10-2.17/bin/cc   -std=c90 -o CMakeFiles/cmTC_37c2f.dir/feature_tests.c.o   -c /dune/app/users/hamza/standalone_sim_Xe_jobs/vdrift_build/CMakeFiles/feature_tests.c
Linking C executable cmTC_37c2f
/cvmfs/larsoft.opensciencegrid.org/products/cmake/v3_13_1/Linux64bit+3.10-2.17/bin/cmake -E cmake_link_script CMakeFiles/cmTC_37c2f.dir/link.txt --verbose=1
/cvmfs/dune.opensciencegrid.org/products/dune/gcc/v7_3_0/Linux64bit+3.10-2.17/bin/cc      -rdynamic CMakeFiles/cmTC_37c2f.dir/feature_tests.c.o  -o cmTC_37c2f 
gmake[1]: Leaving directory `/dune/app/users/hamza/standalone_sim_Xe_jobs/vdrift_build/CMakeFiles/CMakeTmp'


    Feature record: C_FEATURE:1c_function_prototypes
    Feature record: C_FEATURE:0c_restrict
    Feature record: C_FEATURE:0c_static_assert
    Feature record: C_FEATURE:0c_variadic_macros
Determining if the CXX compiler works passed with the following output:
Change Dir: /dune/app/users/hamza/standalone_sim_Xe_jobs/vdrift_build/CMakeFiles/CMakeTmp

Run Build Command:"/usr/bin/gmake" "cmTC_265b8/fast"
/usr/bin/gmake -f CMakeFiles/cmTC_265b8.dir/build.make CMakeFiles/cmTC_265b8.dir/build
gmake[1]: Entering directory `/dune/app/users/hamza/standalone_sim_Xe_jobs/vdrift_build/CMakeFiles/CMakeTmp'
Building CXX object CMakeFiles/cmTC_265b8.dir/testCXXCompiler.cxx.o
/cvmfs/dune.opensciencegrid.org/products/dune/gcc/v7_3_0/Linux64bit+3.10-2.17/bin/c++     -o CMakeFiles/cmTC_265b8.dir/testCXXCompiler.cxx.o -c /dune/app/users/hamza/standalone_sim_Xe_jobs/vdrift_build/CMakeFiles/CMakeTmp/testCXXCompiler.cxx
Linking CXX executable cmTC_265b8
/cvmfs/larsoft.opensciencegrid.org/products/cmake/v3_13_1/Linux64bit+3.10-2.17/bin/cmake -E cmake_link_script CMakeFiles/cmTC_265b8.dir/link.txt --verbose=1
/cvmfs/dune.opensciencegrid.org/products/dune/gcc/v7_3_0/Linux64bit+3.10-2.17/bin/c++       -rdynamic CMakeFiles/cmTC_265b8.dir/testCXXCompiler.cxx.o  -o cmTC_265b8 
gmake[1]: Leaving directory `/dune/app/users/hamza/standalone_sim_Xe_jobs/vdrift_build/CMakeFiles/CMakeTmp'


Detecting CXX compiler ABI info compiled with the following output:
Change Dir: /dune/app/users/hamza/standalone_sim_Xe_jobs/vdrift_build/CMakeFiles/CMakeTmp

Run Build Command:"/usr/bin/gmake" "cmTC_95bfb/fast"
/usr/bin/gmake -f CMakeFiles/cmTC_95bfb.dir/build.make CMakeFiles/cmTC_95bfb.dir/build
gmake[1]: Entering directory `/dune/app/users/hamza/standalone_sim_Xe_jobs/vdrift_build/CMakeFiles/CMakeTmp'
Building CXX object CMakeFiles/cmTC_95bfb.dir/CMakeCXXCompilerABI.cpp.o
/cvmfs/dune.opensciencegrid.org/products/dune/gcc/v7_3_0/Linux64bit+3.10-2.17/bin/c++     -o CMakeFiles/cmTC_95bfb.dir/CMakeCXXCompilerABI.cpp.o -c /cvmfs/larsoft.opensciencegrid.org/products/cmake/v3_13_1/Linux64bit+3.10-2.17/share/cmake-3.13/Modules/CMakeCXXCompilerABI.cpp
Linking CXX executable cmTC_95bfb
/cvmfs/larsoft.opensciencegrid.org/products/cmake/v3_13_1/Linux64bit+3.10-2.17/bin/cmake -E cmake_link_script CMakeFiles/cmTC_95bfb.dir/link.txt --verbose=1
/cvmfs/dune.opensciencegrid.org/products/dune/gcc/v7_3_0/Linux64bit+3.10-2.17/bin/c++      -v -rdynamic CMakeFiles/cmTC_95bfb.dir/CMakeCXXCompilerABI.cpp.o  -o cmTC_95bfb 
Using built-in specs.
COLLECT_GCC=/cvmfs/dune.opensciencegrid.org/products/dune/gcc/v7_3_0/Linux64bit+3.10-2.17/bin/c++
COLLECT_LTO_WRAPPER=/cvmfs/dune.opensciencegrid.org/products/dune/gcc/v7_3_0/Linux64bit+3.10-2.17/bin/../libexec/gcc/x86_64-pc-linux-gnu/7.3.0/lto-wrapper
Target: x86_64-pc-linux-gnu
Configured with: ./configure --prefix=/scratch/workspace/art-build-base/v10_00_02/SLF7/build/gcc/v7_3_0/Linux64bit+3.10-2.17 --disable-libgcj --enable-threads=posix --enable-__cxa_atexit --enable-languages=c,c++,fortran,lto --with-system-zlib --enable-libstdcxx-time=rt --enable-stage1-checking=yes --enable-checking=release --enable-lto --enable-plugin
Thread model: posix
gcc version 7.3.0 (GCC) 
COMPILER_PATH=/cvmfs/dune.opensciencegrid.org/products/dune/gcc/v7_3_0/Linux64bit+3.10-2.17/bin/../libexec/gcc/x86_64-pc-linux-gnu/7.3.0/:/cvmfs/dune.opensciencegrid.org/products/dune/gcc/v7_3_0/Linux64bit+3.10-2.17/bin/../libexec/gcc/:/cvmfs/dune.opensciencegrid.org/products/dune/gcc/v7_3_0/Linux64bit+3.10-2.17/bin/
LIBRARY_PATH=/cvmfs/dune.opensciencegrid.org/products/dune/gcc/v7_3_0/Linux64bit+3.10-2.17/bin/../lib/gcc/x86_64-pc-linux-gnu/7.3.0/:/cvmfs/dune.opensciencegrid.org/products/dune/gcc/v7_3_0/Linux64bit+3.10-2.17/bin/../lib/gcc/:/cvmfs/dune.opensciencegrid.org/products/dune/gcc/v7_3_0/Linux64bit+3.10-2.17/bin/../lib/gcc/x86_64-pc-linux-gnu/7.3.0/../../../../lib64/:/lib/../lib64/:/usr/lib/../lib64/:/cvmfs/dune.opensciencegrid.org/products/dune/gcc/v7_3_0/Linux64bit+3.10-2.17/bin/../lib/gcc/x86_64-pc-linux-gnu/7.3.0/../../../:/lib/:/usr/lib/
COLLECT_GCC_OPTIONS='-v' '-rdynamic' '-o' 'cmTC_95bfb' '-shared-libgcc' '-mtune=generic' '-march=x86-64'
 /cvmfs/dune.opensciencegrid.org/products/dune/gcc/v7_3_0/Linux64bit+3.10-2.17/bin/../libexec/gcc/x86_64-pc-linux-gnu/7.3.0/collect2 -plugin /cvmfs/dune.opensciencegrid.org/products/dune/gcc/v7_3_0/Linux64bit+3.10-2.17/bin/../libexec/gcc/x86_64-pc-linux-gnu/7.3.0/liblto_plugin.so -plugin-opt=/cvmfs/dune.opensciencegrid.org/products/dune/gcc/v7_3_0/Linux64bit+3.10-2.17/bin/../libexec/gcc/x86_64-pc-linux-gnu/7.3.0/lto-wrapper -plugin-opt=-fresolution=/tmp/ccZuxtd7.res -plugin-opt=-pass-through=-lgcc_s -plugin-opt=-pass-through=-lgcc -plugin-opt=-pass-through=-lc -plugin-opt=-pass-through=-lgcc_s -plugin-opt=-pass-through=-lgcc --eh-frame-hdr -m elf_x86_64 -export-dynamic -dynamic-linker /lib64/ld-linux-x86-64.so.2 -o cmTC_95bfb /lib/../lib64/crt1.o /lib/../lib64/crti.o /cvmfs/dune.opensciencegrid.org/products/dune/gcc/v7_3_0/Linux64bit+3.10-2.17/bin/../lib/gcc/x86_64-pc-linux-gnu/7.3.0/crtbegin.o -L/cvmfs/dune.opensciencegrid.org/products/dune/gcc/v7_3_0/Linux64bit+3.10-2.17/bin/../lib/gcc/x86_64-pc-linux-gnu/7.3.0 -L/cvmfs/dune.opensciencegrid.org/products/dune/gcc/v7_3_0/Linux64bit+3.10-2.17/bin/../lib/gcc -L/cvmfs/dune.opensciencegrid.org/products/dune/gcc/v7_3_0/Linux64bit+3.10-2.17/bin/../lib/gcc/x86_64-pc-linux-gnu/7.3.0/../../../../lib64 -L/lib/../lib64 -L/usr/lib/../lib64 -L/cvmfs/dune.opensciencegrid.org/products/dune/gcc/v7_3_0/Linux64bit+3.10-2.17/bin/../lib/gcc/x86_64-pc-linux-gnu/7.3.0/../../.. CMakeFiles/cmTC_95bfb.dir/CMakeCXXCompilerABI.cpp.o -lstdc++ -lm -lgcc_s -lgcc -lc -lgcc_s -lgcc /cvmfs/dune.opensciencegrid.org/products/dune/gcc/v7_3_0/Linux64bit+3.10-2.17/bin/../lib/gcc/x86_64-pc-linux-gnu/7.3.0/crtend.o /lib/../lib64/crtn.o
COLLECT_GCC_OPTIONS='-v' '-rdynamic' '-o' 'cmTC_95bfb' '-shared-libgcc' '-mtune=generic' '-march=x86-64'
gmake[1]: Leaving directory `/dune/app/users/hamza/standalone_sim_Xe_jobs/vdrift_build/CMakeFiles/CMakeTmp'


Parsed CXX implicit link information from above output:
  link line regex: [^( *|.*[/\])(ld|CMAKE_LINK_STARTFILE-NOTFOUND|([^/\]+-)?ld|collect2)[^/\]*( |$)]
  ignore line: [Change Dir: /dune/app/users/hamza/standalone_sim_Xe_jobs/vdrift_build/CMakeFiles/CMakeTmp]
  ignore line: []
  ignore line: [Run Build Command:"/usr/bin/gmake" "cmTC_95bfb/fast"]
  ignore line: [/usr/bin/gmake -f CMakeFiles/cmTC_95bfb.dir/build.make CMakeFiles/cmTC_95bfb.dir/build]
  ignore line: [gmake[1]: Entering directory `/dune/app/users/hamza/standalone_sim_Xe_jobs/vdrift_build/CMakeFiles/CMakeTmp']
  ignore line: [Building CXX object CMakeFiles/cmTC_95bfb.dir/CMakeCXXCompilerABI.cpp.o]
  ignore line: [/cvmfs/dune.opensciencegrid.org/products/dune/gcc/v7_3_0/Linux64bit+3.10-2.17/bin/c++     -o CMakeFiles/cmTC_95bfb.dir/CMakeCXXCompilerABI.cpp.o -c /cvmfs/larsoft.opensciencegrid.org/products/cmake/v3_13_1/Linux64bit+3.10-2.17/share/cmake-3.13/Modules/CMakeCXXCompilerABI.cpp]
  ignore line: [Linking CXX executable cmTC_95bfb]
  ignore line: [/cvmfs/larsoft.opensciencegrid.org/products/cmake/v3_13_1/Linux64bit+3.10-2.17/bin/cmake -E cmake_link_script CMakeFiles/cmTC_95bfb.dir/link.txt --verbose=1]
  ignore line: [/cvmfs/dune.opensciencegrid.org/products/dune/gcc/v7_3_0/Linux64bit+3.10-2.17/bin/c++      -v -rdynamic CMakeFiles/cmTC_95bfb.dir/CMakeCXXCompilerABI.cpp.o  -o cmTC_95bfb ]
  ignore line: [Using built-in specs.]
  ignore line: [COLLECT_GCC=/cvmfs/dune.opensciencegrid.org/products/dune/gcc/v7_3_0/Linux64bit+3.10-2.17/bin/c++]
  ignore line: [COLLECT_LTO_WRAPPER=/cvmfs/dune.opensciencegrid.org/products/dune/gcc/v7_3_0/Linux64bit+3.10-2.17/bin/../libexec/gcc/x86_64-pc-linux-gnu/7.3.0/lto-wrapper]
  ignore line: [Target: x86_64-pc-linux-gnu]
  ignore line: [Configured with: ./configure --prefix=/scratch/workspace/art-build-base/v10_00_02/SLF7/build/gcc/v7_3_0/Linux64bit+3.10-2.17 --disable-libgcj --enable-threads=posix --enable-__cxa_atexit --enable-languages=c,c++,fortran,lto --with-system-zlib --enable-libstdcxx-time=rt --enable-stage1-checking=yes --enable-checking=release --enable-lto --enable-plugin]
  ignore line: [Thread model: posix]
  ignore line: [gcc version 7.3.0 (GCC) ]
  ignore line: [COMPILER_PATH=/cvmfs/dune.opensciencegrid.org/products/dune/gcc/v7_3_0/Linux64bit+3.10-2.17/bin/../libexec/gcc/x86_64-pc-linux-gnu/7.3.0/:/cvmfs/dune.opensciencegrid.org/products/dune/gcc/v7_3_0/Linux64bit+3.10-2.17/bin/../libexec/gcc/:/cvmfs/dune.opensciencegrid.org/products/dune/gcc/v7_3_0/Linux64bit+3.10-2.17/bin/]
  ignore line: [LIBRARY_PATH=/cvmfs/dune.opensciencegrid.org/products/dune/gcc/v7_3_0/Linux64bit+3.10-2.17/bin/../lib/gcc/x86_64-pc-linux-gnu/7.3.0/:/cvmfs/dune.opensciencegrid.org/products/dune/gcc/v7_3_0/Linux64bit+3.10-2.17/bin/../lib/gcc/:/cvmfs/dune.opensciencegrid.org/products/dune/gcc/v7_3_0/Linux64bit+3.10-2.17/bin/../lib/gcc/x86_64-pc-linux-gnu/7.3.0/../../../../lib64/:/lib/../lib64/:/usr/lib/../lib64/:/cvmfs/dune.opensciencegrid.org/products/dune/gcc/v7_3_0/Linux64bit+3.10-2.17/bin/../lib/gcc/x86_64-pc-linux-gnu/7.3.0/../../../:/lib/:/usr/lib/]
  ignore line: [COLLECT_GCC_OPTIONS='-v' '-rdynamic' '-o' 'cmTC_95bfb' '-shared-libgcc' '-mtune=generic' '-march=x86-64']
  link line: [ /cvmfs/dune.opensciencegrid.org/products/dune/gcc/v7_3_0/Linux64bit+3.10-2.17/bin/../libexec/gcc/x86_64-pc-linux-gnu/7.3.0/collect2 -plugin /cvmfs/dune.opensciencegrid.org/products/dune/gcc/v7_3_0/Linux64bit+3.10-2.17/bin/../libexec/gcc/x86_64-pc-linux-gnu/7.3.0/liblto_plugin.so -plugin-opt=/cvmfs/dune.opensciencegrid.org/products/dune/gcc/v7_3_0/Linux64bit+3.10-2.17/bin/../libexec/gcc/x86_64-pc-linux-gnu/7.3.0/lto-wrapper -plugin-opt=-fresolution=/tmp/ccZuxtd7.res -plugin-opt=-pass-through=-lgcc_s -plugin-opt=-pass-through=-lgcc -plugin-opt=-pass-through=-lc -plugin-opt=-pass-through=-lgcc_s -plugin-opt=-pass-through=-lgcc --eh-frame-hdr -m elf_x86_64 -export-dynamic -dynamic-linker /lib64/ld-linux-x86-64.so.2 -o cmTC_95bfb /lib/../lib64/crt1.o /lib/../lib64/crti.o /cvmfs/dune.opensciencegrid.org/products/dune/gcc/v7_3_0/Linux64bit+3.10-2.17/bin/../lib/gcc/x86_64-pc-linux-gnu/7.3.0/crtbegin.o -L/cvmfs/dune.opensciencegrid.org/products/dune/gcc/v7_3_0/Linux64bit+3.10-2.17/bin/../lib/gcc/x86_64-pc-linux-gnu/7.3.0 -L/cvmfs/dune.opensciencegrid.org/products/dune/gcc/v7_3_0/Linux64bit+3.10-2.17/bin/../lib/gcc -L/cvmfs/dune.opensciencegrid.org/products/dune/gcc/v7_3_0/Linux64bit+3.10-2.17/bin/../lib/gcc/x86_64-pc-linux-gnu/7.3.0/../../../../lib64 -L/lib/../lib64 -L/usr/lib/../lib64 -L/cvmfs/dune.opensciencegrid.org/products/dune/gcc/v7_3_0/Linux64bit+3.10-2.17/bin/../lib/gcc/x86_64-pc-linux-gnu/7.3.0/../../.. CMakeFiles/cmTC_95bfb.dir/CMakeCXXCompilerABI.cpp.o -lstdc++ -lm -lgcc_s -lgcc -lc -lgcc_s -lgcc /cvmfs/dune.opensciencegrid.org/products/dune/gcc/v7_3_0/Linux64bit+3.10-2.17/bin/../lib/gcc/x86_64-pc-linux-gnu/7.3.0/crtend.o /lib/../lib64/crtn.o]
    arg [/cvmfs/dune.opensciencegrid.org/products/dune/gcc/v7_3_0/Linux64bit+3.10-2.17/bin/../libexec/gcc/x86_64-pc-linux-gnu/7.3.0/collect2] ==> ignore
    arg [-plugin] ==> ignore
    arg [/cvmfs/dune.opensciencegrid.org/products/dune/gcc/v7_3_0/Linux64bit+3.10-2.17/bin/../libexec/gcc/x86_64-pc-linux-gnu/7.3.0/liblto_plugin.so] ==> ignore
    arg [-plugin-opt=/cvmfs/dune.opensciencegrid.org/products/dune/gcc/v7_3_0/Linux64bit+3.10-2.17/bin/../libexec/gcc/x86_64-pc-linux-gnu/7.3.0/lto-wrapper] ==> ignore
    arg [-plugin-opt=-fresolution=/tmp/ccZuxtd7.res] ==> ignore
    arg [-plugin-opt=-pass-through=-lgcc_s] ==> ignore
    arg [-plugin-opt=-pass-through=-lgcc] ==> ignore
    arg [-plugin-opt=-pass-through=-lc] ==> ignore
    arg [-plugin-opt=-pass-through=-lgcc_s] ==> ignore
    arg [-plugin-opt=-pass-through=-lgcc] ==> ignore
    arg [--eh-frame-hdr] ==> ignore
    arg [-m] ==> ignore
    arg [elf_x86_64] ==> ignore
    arg [-export-dynamic] ==> ignore
    arg [-dynamic-linker] ==> ignore
    arg [/lib64/ld-linux-x86-64.so.2] ==> ignore
    arg [-o] ==> ignore
    arg [cmTC_95bfb] ==> ignore
    arg [/lib/../lib64/crt1.o] ==> ignore
    arg [/lib/../lib64/crti.o] ==> ignore
    arg [/cvmfs/dune.opensciencegrid.org/products/dune/gcc/v7_3_0/Linux64bit+3.10-2.17/bin/../lib/gcc/x86_64-pc-linux-gnu/7.3.0/crtbegin.o] ==> ignore
    arg [-L/cvmfs/dune.opensciencegrid.org/products/dune/gcc/v7_3_0/Linux64bit+3.10-2.17/bin/../lib/gcc/x86_64-pc-linux-gnu/7.3.0] ==> dir [/cvmfs/dune.opensciencegrid.org/products/dune/gcc/v7_3_0/Linux64bit+3.10-2.17/bin/../lib/gcc/x86_64-pc-linux-gnu/7.3.0]
    arg [-L/cvmfs/dune.opensciencegrid.org/products/dune/gcc/v7_3_0/Linux64bit+3.10-2.17/bin/../lib/gcc] ==> dir [/cvmfs/dune.opensciencegrid.org/products/dune/gcc/v7_3_0/Linux64bit+3.10-2.17/bin/../lib/gcc]
    arg [-L/cvmfs/dune.opensciencegrid.org/products/dune/gcc/v7_3_0/Linux64bit+3.10-2.17/bin/../lib/gcc/x86_64-pc-linux-gnu/7.3.0/../../../../lib64] ==> dir [/cvmfs/dune.opensciencegrid.org/products/dune/gcc/v7_3_0/Linux64bit+3.10-2.17/bin/../lib/gcc/x86_64-pc-linux-gnu/7.3.0/../../../../lib64]
    arg [-L/lib/../lib64] ==> dir [/lib/../lib64]
    arg [-L/usr/lib/../lib64] ==> dir [/usr/lib/../lib64]
    arg [-L/cvmfs/dune.opensciencegrid.org/products/dune/gcc/v7_3_0/Linux64bit+3.10-2.17/bin/../lib/gcc/x86_64-pc-linux-gnu/7.3.0/../../..] ==> dir [/cvmfs/dune.opensciencegrid.org/products/dune/gcc/v7_3_0/Linux64bit+3.10-2.17/bin/../lib/gcc/x86_64-pc-linux-gnu/7.3.0/../../..]
    arg [CMakeFiles/cmTC_95bfb.dir/CMakeCXXCompilerABI.cpp.o] ==> ignore
    arg [-lstdc++] ==> lib [stdc++]
    arg [-lm] ==> lib [m]
    arg [-lgcc_s] ==> lib [gcc_s]
    arg [-lgcc] ==> lib [gcc]
    arg [-lc] ==> lib [c]
    arg [-lgcc_s] ==> lib [gcc_s]
    arg [-lgcc] ==> lib [gcc]
    arg [/cvmfs/dune.opensciencegrid.org/products/dune/gcc/v7_3_0/Linux64bit+3.10-2.17/bin/../lib/gcc/x86_64-pc-linux-gnu/7.3.0/crtend.o] ==> ignore
    arg [/lib/../lib64/crtn.o] ==> ignore
  collapse library dir [/cvmfs/dune.opensciencegrid.org/products/dune/gcc/v7_3_0/Linux64bit+3.10-2.17/bin/../lib/gcc/x86_64-pc-linux-gnu/7.3.0] ==> [/cvmfs/dune.opensciencegrid.org/products/dune/gcc/v7_3_0/Linux64bit+3.10-2.17/lib/gcc/x86_64-pc-linux-gnu/7.3.0]
  collapse library dir [/cvmfs/dune.opensciencegrid.org/products/dune/gcc/v7_3_0/Linux64bit+3.10-2.17/bin/../lib/gcc] ==> [/cvmfs/dune.opensciencegrid.org/products/dune/gcc/v7_3_0/Linux64bit+3.10-2.17/lib/gcc]
  collapse library dir [/cvmfs/dune.opensciencegrid.org/products/dune/gcc/v7_3_0/Linux64bit+3.10-2.17/bin/../lib/gcc/x86_64-pc-linux-gnu/7.3.0/../../../../lib64] ==> [/cvmfs/dune.opensciencegrid.org/products/dune/gcc/v7_3_0/Linux64bit+3.10-2.17/lib64]
  collapse library dir [/lib/../lib64] ==> [/lib64]
  collapse library dir [/usr/lib/../lib64] ==> [/usr/lib64]
  collapse library dir [/cvmfs/dune.opensciencegrid.org/products/dune/gcc/v7_3_0/Linux64bit+3.10-2.17/bin/../lib/gcc/x86_64-pc-linux-gnu/7.3.0/../../..] ==> [/cvmfs/dune.opensciencegrid.org/products/dune/gcc/v7_3_0/Linux64bit+3.10-2.17/lib]
  implicit libs: [stdc++;m;gcc_s;gcc;c;gcc_s;gcc]
  implicit dirs: [/cvmfs/dune.opensciencegrid.org/products/dune/gcc/v7_3_0/Linux64bit+3.10-2.17/lib/gcc/x86_64-pc-linux-gnu/7.3.0;/cvmfs/dune.opensciencegrid.org/products/dune/gcc/v7_3_0/Linux64bit+3.10-2.17/lib/gcc;/cvmfs/dune.opensciencegrid.org/products/dune/gcc/v7_3_0/Linux64bit+3.10-2.17/lib64;/lib64;/usr/lib64;/cvmfs/dune.opensciencegrid.org/products/dune/gcc/v7_3_0/Linux64bit+3.10-2.17/lib]
  implicit fwks: []




Detecting CXX [-std=c++1z] compiler features compiled with the following output:
Change Dir: /dune/app/users/hamza/standalone_sim_Xe_jobs/vdrift_build/CMakeFiles/CMakeTmp

Run Build Command:"/usr/bin/gmake" "cmTC_49086/fast"
/usr/bin/gmake -f CMakeFiles/cmTC_49086.dir/build.make CMakeFiles/cmTC_49086.dir/build
gmake[1]: Entering directory `/dune/app/users/hamza/standalone_sim_Xe_jobs/vdrift_build/CMakeFiles/CMakeTmp'
Building CXX object CMakeFiles/cmTC_49086.dir/feature_tests.cxx.o
/cvmfs/dune.opensciencegrid.org/products/dune/gcc/v7_3_0/Linux64bit+3.10-2.17/bin/c++    -std=c++1z -o CMakeFiles/cmTC_49086.dir/feature_tests.cxx.o -c /dune/app/users/hamza/standalone_sim_Xe_jobs/vdrift_build/CMakeFiles/feature_tests.cxx
Linking CXX executable cmTC_49086
/cvmfs/larsoft.opensciencegrid.org/products/cmake/v3_13_1/Linux64bit+3.10-2.17/bin/cmake -E cmake_link_script CMakeFiles/cmTC_49086.dir/link.txt --verbose=1
/cvmfs/dune.opensciencegrid.org/products/dune/gcc/v7_3_0/Linux64bit+3.10-2.17/bin/c++       -rdynamic CMakeFiles/cmTC_49086.dir/feature_tests.cxx.o  -o cmTC_49086 
gmake[1]: Leaving directory `/dune/app/users/hamza/standalone_sim_Xe_jobs/vdrift_build/CMakeFiles/CMakeTmp'


    Feature record: CXX_FEATURE:1cxx_aggregate_default_initializers
    Feature record: CXX_FEATURE:1cxx_alias_templates
    Feature record: CXX_FEATURE:1cxx_alignas
    Feature record: CXX_FEATURE:1cxx_alignof
    Feature record: CXX_FEATURE:1cxx_attributes
    Feature record: CXX_FEATURE:1cxx_attribute_deprecated
    Feature record: CXX_FEATURE:1cxx_auto_type
    Feature record: CXX_FEATURE:1cxx_binary_literals
    Feature record: CXX_FEATURE:1cxx_constexpr
    Feature record: CXX_FEATURE:1cxx_contextual_conversions
    Feature record: CXX_FEATURE:1cxx_decltype
    Feature record: CXX_FEATURE:1cxx_decltype_auto
    Feature record: CXX_FEATURE:1cxx_decltype_incomplete_return_types
    Feature record: CXX_FEATURE:1cxx_default_function_template_args
    Feature record: CXX_FEATURE:1cxx_defaulted_functions
    Feature record: CXX_FEATURE:1cxx_defaulted_move_initializers
    Feature record: CXX_FEATURE:1cxx_delegating_constructors
    Feature record: CXX_FEATURE:1cxx_deleted_functions
    Feature record: CXX_FEATURE:1cxx_digit_separators
    Feature record: CXX_FEATURE:1cxx_enum_forward_declarations
    Feature record: CXX_FEATURE:1cxx_explicit_conversions
    Feature record: CXX_FEATURE:1cxx_extended_friend_declarations
    Feature record: CXX_FEATURE:1cxx_extern_templates
    Feature record: CXX_FEATURE:1cxx_final
    Feature record: CXX_FEATURE:1cxx_func_identifier
    Feature record: CXX_FEATURE:1cxx_generalized_initializers
    Feature record: CXX_FEATURE:1cxx_generic_lambdas
    Feature record: CXX_FEATURE:1cxx_inheriting_constructors
    Feature record: CXX_FEATURE:1cxx_inline_namespaces
    Feature record: CXX_FEATURE:1cxx_lambdas
    Feature record: CXX_FEATURE:1cxx_lambda_init_captures
    Feature record: CXX_FEATURE:1cxx_local_type_template_args
    Feature record: CXX_FEATURE:1cxx_long_long_type
    Feature record: CXX_FEATURE:1cxx_noexcept
    Feature record: CXX_FEATURE:1cxx_nonstatic_member_init
    Feature record: CXX_FEATURE:1cxx_nullptr
    Feature record: CXX_FEATURE:1cxx_override
    Feature record: CXX_FEATURE:1cxx_range_for
    Feature record: CXX_FEATURE:1cxx_raw_string_literals
    Feature record: CXX_FEATURE:1cxx_reference_qualified_functions
    Feature record: CXX_FEATURE:1cxx_relaxed_constexpr
    Feature record: CXX_FEATURE:1cxx_return_type_deduction
    Feature record: CXX_FEATURE:1cxx_right_angle_brackets
    Feature record: CXX_FEATURE:1cxx_rvalue_references
    Feature record: CXX_FEATURE:1cxx_sizeof_member
    Feature record: CXX_FEATURE:1cxx_static_assert
    Feature record: CXX_FEATURE:1cxx_strong_enums
    Feature record: CXX_FEATURE:1cxx_template_template_parameters
    Feature record: CXX_FEATURE:1cxx_thread_local
    Feature record: CXX_FEATURE:1cxx_trailing_return_types
    Feature record: CXX_FEATURE:1cxx_unicode_literals
    Feature record: CXX_FEATURE:1cxx_uniform_initialization
    Feature record: CXX_FEATURE:1cxx_unrestricted_unions
    Feature record: CXX_FEATURE:1cxx_user_literals
    Feature record: CXX_FEATURE:1cxx_variable_templates
    Feature record: CXX_FEATURE:1cxx_variadic_macros
    Feature record: CXX_FEATURE:1cxx_variadic_templates


Detecting CXX [-std=c++14] compiler features compiled with the following output:
Change Dir: /dune/app/users/hamza/standalone_sim_Xe_jobs/vdrift_build/CMakeFiles/CMakeTmp

Run Build Command:"/usr/bin/gmake" "cmTC_0f34b/fast"
/usr/bin/gmake -f CMakeFiles/cmTC_0f34b.dir/build.make CMakeFiles/cmTC_0f34b.dir/build
gmake[1]: Entering directory `/dune/app/users/hamza/standalone_sim_Xe_jobs/vdrift_build/CMakeFiles/CMakeTmp'
Building CXX object CMakeFiles/cmTC_0f34b.dir/feature_tests.cxx.o
/cvmfs/dune.opensciencegrid.org/products/dune/gcc/v7_3_0/Linux64bit+3.10-2.17/bin/c++    -std=c++14 -o CMakeFiles/cmTC_0f34b.dir/feature_tests.cxx.o -c /dune/app/users/hamza/standalone_sim_Xe_jobs/vdrift_build/CMakeFiles/feature_tests.cxx
Linking CXX executable cmTC_0f34b
/cvmfs/larsoft.opensciencegrid.org/products/cmake/v3_13_1/Linux64bit+3.10-2.17/bin/cmake -E cmake_link_script CMakeFiles/cmTC_0f34b.dir/link.txt --verbose=1
/cvmfs/dune.opensciencegrid.org/products/dune/gcc/v7_3_0/Linux64bit+3.10-2.17/bin/c++       -rdynamic CMakeFiles/cmTC_0f34b.dir/feature_tests.cxx.o  -o cmTC_0f34b 
gmake[1]: Leaving directory `/dune/app/users/hamza/standalone_sim_Xe_jobs/vdrift_build/CMakeFiles/CMakeTmp'


    Feature record: CXX_FEATURE:1cxx_aggregate_default_initializers
    Feature record: CXX_FEATURE:1cxx_alias_templates
    Feature record: CXX_FEATURE:1cxx_alignas
    Feature record: CXX_FEATURE:1cxx_alignof
    Feature record: CXX_FEATURE:1cxx_attributes
    Feature record: CXX_FEATURE:1cxx_attribute_deprecated
    Feature record: CXX_FEATURE:1cxx_auto_type
    Feature record: CXX_FEATURE:1cxx_binary_literals
    Feature record: CXX_FEATURE:1cxx_constexpr
    Feature record: CXX_FEATURE:1cxx_contextual_conversions
    Feature record: CXX_FEATURE:1cxx_decltype
    Feature record: CXX_FEATURE:1cxx_decltype_auto
    Feature record: CXX_FEATURE:1cxx_decltype_incomplete_return_types
    Feature record: CXX_FEATURE:1cxx_default_function_template_args
    Feature record: CXX_FEATURE:1cxx_defaulted_functions
    Feature record: CXX_FEATURE:1cxx_defaulted_move_initializers
    Feature record: CXX_FEATURE:1cxx_delegating_constructors
    Feature record: CXX_FEATURE:1cxx_deleted_functions
    Feature record: CXX_FEATURE:1cxx_digit_separators
    Feature record: CXX_FEATURE:1cxx_enum_forward_declarations
    Feature record: CXX_FEATURE:1cxx_explicit_conversions
    Feature record: CXX_FEATURE:1cxx_extended_friend_declarations
    Feature record: CXX_FEATURE:1cxx_extern_templates
    Feature record: CXX_FEATURE:1cxx_final
    Feature record: CXX_FEATURE:1cxx_func_identifier
    Feature record: CXX_FEATURE:1cxx_generalized_initializers
    Feature record: CXX_FEATURE:1cxx_generic_lambdas
    Feature record: CXX_FEATURE:1cxx_inheriting_constructors
    Feature record: CXX_FEATURE:1cxx_inline_namespaces
    Feature record: CXX_FEATURE:1cxx_lambdas
    Feature record: CXX_FEATURE:1cxx_lambda_init_captures
    Feature record: CXX_FEATURE:1cxx_local_type_template_args
    Feature record: CXX_FEATURE:1cxx_long_long_type
    Feature record: CXX_FEATURE:1cxx_noexcept
    Feature record: CXX_FEATURE:1cxx_nonstatic_member_init
    Feature record: CXX_FEATURE:1cxx_nullptr
    Feature record: CXX_FEATURE:1cxx_override
    Feature record: CXX_FEATURE:1cxx_range_for
    Feature record: CXX_FEATURE:1cxx_raw_string_literals
    Feature record: CXX_FEATURE:1cxx_reference_qualified_functions
    Feature record: CXX_FEATURE:1cxx_relaxed_constexpr
    Feature record: CXX_FEATURE:1cxx_return_type_deduction
    Feature record: CXX_FEATURE:1cxx_right_angle_brackets
    Feature record: CXX_FEATURE:1cxx_rvalue_references
    Feature record: CXX_FEATURE:1cxx_sizeof_member
    Feature record: CXX_FEATURE:1cxx_static_assert
    Feature record: CXX_FEATURE:1cxx_strong_enums
    Feature record: CXX_FEATURE:1cxx_template_template_parameters
    Feature record: CXX_FEATURE:1cxx_thread_local
    Feature record: CXX_FEATURE:1cxx_trailing_return_types
    Feature record: CXX_FEATURE:1cxx_unicode_literals
    Feature record: CXX_FEATURE:1cxx_uniform_initialization
    Feature record: CXX_FEATURE:1cxx_unrestricted_unions
    Feature record: CXX_FEATURE:1cxx_user_literals
    Feature record: CXX_FEATURE:1cxx_variable_templates
    Feature record: CXX_FEATURE:1cxx_variadic_macros
    Feature record: CXX_FEATURE:1cxx_variadic_templates


Detecting CXX [-std=c++11] compiler features compiled with the following output:
Change Dir: /dune/app/users/hamza/standalone_sim_Xe_jobs/vdrift_build/CMakeFiles/CMakeTmp

Run Build Command:"/usr/bin/gmake" "cmTC_7a806/fast"
/usr/bin/gmake -f CMakeFiles/cmTC_7a806.dir/build.make CMakeFiles/cmTC_7a806.dir/build
gmake[1]: Entering directory `/dune/app/users/hamza/standalone_sim_Xe_jobs/vdrift_build/CMakeFiles/CMakeTmp'
Building CXX object CMakeFiles/cmTC_7a806.dir/feature_tests.cxx.o
/cvmfs/dune.opensciencegrid.org/products/dune/gcc/v7_3_0/Linux64bit+3.10-2.17/bin/c++    -std=c++11 -o CMakeFiles/cmTC_7a806.dir/feature_tests.cxx.o -c /dune/app/users/hamza/standalone_sim_Xe_jobs/vdrift_build/CMakeFiles/feature_tests.cxx
Linking CXX executable cmTC_7a806
/cvmfs/larsoft.opensciencegrid.org/products/cmake/v3_13_1/Linux64bit+3.10-2.17/bin/cmake -E cmake_link_script CMakeFiles/cmTC_7a806.dir/link.txt --verbose=1
/cvmfs/dune.opensciencegrid.org/products/dune/gcc/v7_3_0/Linux64bit+3.10-2.17/bin/c++       -rdynamic CMakeFiles/cmTC_7a806.dir/feature_tests.cxx.o  -o cmTC_7a806 
gmake[1]: Leaving directory `/dune/app/users/hamza/standalone_sim_Xe_jobs/vdrift_build/CMakeFiles/CMakeTmp'


    Feature record: CXX_FEATURE:0cxx_aggregate_default_initializers
    Feature record: CXX_FEATURE:1cxx_alias_templates
    Feature record: CXX_FEATURE:1cxx_alignas
    Feature record: CXX_FEATURE:1cxx_alignof
    Feature record: CXX_FEATURE:1cxx_attributes
    Feature record: CXX_FEATURE:0cxx_attribute_deprecated
    Feature record: CXX_FEATURE:1cxx_auto_type
    Feature record: CXX_FEATURE:0cxx_binary_literals
    Feature record: CXX_FEATURE:1cxx_constexpr
    Feature record: CXX_FEATURE:0cxx_contextual_conversions
    Feature record: CXX_FEATURE:1cxx_decltype
    Feature record: CXX_FEATURE:0cxx_decltype_auto
    Feature record: CXX_FEATURE:1cxx_decltype_incomplete_return_types
    Feature record: CXX_FEATURE:1cxx_default_function_template_args
    Feature record: CXX_FEATURE:1cxx_defaulted_functions
    Feature record: CXX_FEATURE:1cxx_defaulted_move_initializers
    Feature record: CXX_FEATURE:1cxx_delegating_constructors
    Feature record: CXX_FEATURE:1cxx_deleted_functions
    Feature record: CXX_FEATURE:0cxx_digit_separators
    Feature record: CXX_FEATURE:1cxx_enum_forward_declarations
    Feature record: CXX_FEATURE:1cxx_explicit_conversions
    Feature record: CXX_FEATURE:1cxx_extended_friend_declarations
    Feature record: CXX_FEATURE:1cxx_extern_templates
    Feature record: CXX_FEATURE:1cxx_final
    Feature record: CXX_FEATURE:1cxx_func_identifier
    Feature record: CXX_FEATURE:1cxx_generalized_initializers
    Feature record: CXX_FEATURE:0cxx_generic_lambdas
    Feature record: CXX_FEATURE:1cxx_inheriting_constructors
    Feature record: CXX_FEATURE:1cxx_inline_namespaces
    Feature record: CXX_FEATURE:1cxx_lambdas
    Feature record: CXX_FEATURE:0cxx_lambda_init_captures
    Feature record: CXX_FEATURE:1cxx_local_type_template_args
    Feature record: CXX_FEATURE:1cxx_long_long_type
    Feature record: CXX_FEATURE:1cxx_noexcept
    Feature record: CXX_FEATURE:1cxx_nonstatic_member_init
    Feature record: CXX_FEATURE:1cxx_nullptr
    Feature record: CXX_FEATURE:1cxx_override
    Feature record: CXX_FEATURE:1cxx_range_for
    Feature record: CXX_FEATURE:1cxx_raw_string_literals
    Feature record: CXX_FEATURE:1cxx_reference_qualified_functions
    Feature record: CXX_FEATURE:0cxx_relaxed_constexpr
    Feature record: CXX_FEATURE:0cxx_return_type_deduction
    Feature record: CXX_FEATURE:1cxx_right_angle_brackets
    Feature record: CXX_FEATURE:1cxx_rvalue_references
    Feature record: CXX_FEATURE:1cxx_sizeof_member
    Feature record: CXX_FEATURE:1cxx_static_assert
    Feature record: CXX_FEATURE:1cxx_strong_enums
    Feature record: CXX_FEATURE:1cxx_template_template_parameters
    Feature record: CXX_FEATURE:1cxx_thread_local
    Feature record: CXX_FEATURE:1cxx_trailing_return_types
    Feature record: CXX_FEATURE:1cxx_unicode_literals
    Feature record: CXX_FEATURE:1cxx_uniform_initialization
    Feature record: CXX_FEATURE:1cxx_unrestricted_unions
    Feature record: CXX_FEATURE:1cxx_user_literals
    Feature record: CXX_FEATURE:0cxx_variable_templates
    Feature record: CXX_FEATURE:1cxx_variadic_macros
    Feature record: CXX_FEATURE:1cxx_variadic_templates


Detecting CXX [-std=c++98] compiler features compiled with the following output:
Change Dir: /dune/app/users/hamza/standalone_sim_Xe_jobs/vdrift_build/CMakeFiles/CMakeTmp

Run Build Command:"/usr/bin/gmake" "cmTC_6dc6f/fast"
/usr/bin/gmake -f CMakeFiles/cmTC_6dc6f.dir/build.make CMakeFiles/cmTC_6dc6f.dir/build
gmake[1]: Entering directory `/dune/app/users/hamza/standalone_sim_Xe_jobs/vdrift_build/CMakeFiles/CMakeTmp'
Building CXX object CMakeFiles/cmTC_6dc6f.dir/feature_tests.cxx.o
/cvmfs/dune.opensciencegrid.org/products/dune/gcc/v7_3_0/Linux64bit+3.10-2.17/bin/c++    -std=c++98 -o CMakeFiles/cmTC_6dc6f.dir/feature_tests.cxx.o -c /dune/app/users/hamza/standalone_sim_Xe_jobs/vdrift_build/CMakeFiles/feature_tests.cxx
Linking CXX executable cmTC_6dc6f
/cvmfs/larsoft.opensciencegrid.org/products/cmake/v3_13_1/Linux64bit+3.10-2.17/bin/cmake -E cmake_link_script CMakeFiles/cmTC_6dc6f.dir/link.txt --verbose=1
/cvmfs/dune.opensciencegrid.org/products/dune/gcc/v7_3_0/Linux64bit+3.10-2.17/bin/c++       -rdynamic CMakeFiles/cmTC_6dc6f.dir/feature_tests.cxx.o  -o cmTC_6dc6f 
gmake[1]: Leaving directory `/dune/app/users/hamza/standalone_sim_Xe_jobs/vdrift_build/CMakeFiles/CMakeTmp'


    Feature record: CXX_FEATURE:0cxx_aggregate_default_initializers
    Feature record: CXX_FEATURE:0cxx_alias_templates
    Feature record: CXX_FEATURE:0cxx_alignas
    Feature record: CXX_FEATURE:0cxx_alignof
    Feature record: CXX_FEATURE:0cxx_attributes
    Feature record: CXX_FEATURE:0cxx_attribute_deprecated
    Feature record: CXX_FEATURE:0cxx_auto_type
    Feature record: CXX_FEATURE:0cxx_binary_literals
    Feature record: CXX_FEATURE:0cxx_constexpr
    Feature record: CXX_FEATURE:0cxx_contextual_conversions
    Feature record: CXX_FEATURE:0cxx_decltype
    Feature record: CXX_FEATURE:0cxx_decltype_auto
    Feature record: CXX_FEATURE:0cxx_decltype_incomplete_return_types
    Feature record: CXX_FEATURE:0cxx_default_function_template_args
    Feature record: CXX_FEATURE:0cxx_defaulted_functions
    Feature record: CXX_FEATURE:0cxx_defaulted_move_initializers
    Feature record: CXX_FEATURE:0cxx_delegating_constructors
    Feature record: CXX_FEATURE:0cxx_deleted_functions
    Feature record: CXX_FEATURE:0cxx_digit_separators
    Feature record: CXX_FEATURE:0cxx_enum_forward_declarations
    Feature record: CXX_FEATURE:0cxx_explicit_conversions
    Feature record: CXX_FEATURE:0cxx_extended_friend_declarations
    Feature record: CXX_FEATURE:0cxx_extern_templates
    Feature record: CXX_FEATURE:0cxx_final
    Feature record: CXX_FEATURE:0cxx_func_identifier
    Feature record: CXX_FEATURE:0cxx_generalized_initializers
    Feature record: CXX_FEATURE:0cxx_generic_lambdas
    Feature record: CXX_FEATURE:0cxx_inheriting_constructors
    Feature record: CXX_FEATURE:0cxx_inline_namespaces
    Feature record: CXX_FEATURE:0cxx_lambdas
    Feature record: CXX_FEATURE:0cxx_lambda_init_captures
    Feature record: CXX_FEATURE:0cxx_local_type_template_args
    Feature record: CXX_FEATURE:0cxx_long_long_type
    Feature record: CXX_FEATURE:0cxx_noexcept
    Feature record: CXX_FEATURE:0cxx_nonstatic_member_init
    Feature record: CXX_FEATURE:0cxx_nullptr
    Feature record: CXX_FEATURE:0cxx_override
    Feature record: CXX_FEATURE:0cxx_range_for
    Feature record: CXX_FEATURE:0cxx_raw_string_literals
    Feature record: CXX_FEATURE:0cxx_reference_qualified_functions
    Feature record: CXX_FEATURE:0cxx_relaxed_constexpr
    Feature record: CXX_FEATURE:0cxx_return_type_deduction
    Feature record: CXX_FEATURE:0cxx_right_angle_brackets
    Feature record: CXX_FEATURE:0cxx_rvalue_references
    Feature record: CXX_FEATURE:0cxx_sizeof_member
    Feature record: CXX_FEATURE:0cxx_static_assert
    Feature record: CXX_FEATURE:0cxx_strong_enums
    Feature record: CXX_FEATURE:1cxx_template_template_parameters
    Feature record: CXX_FEATURE:0cxx_thread_local
    Feature record: CXX_FEATURE:0cxx_trailing_return_types
    Feature record: CXX_FEATURE:0cxx_unicode_literals
    Feature record: CXX_FEATURE:0cxx_uniform_initialization
    Feature record: CXX_FEATURE:0cxx_unrestricted_unions
    Feature record: CXX_FEATURE:0cxx_user_literals
    Feature record: CXX_FEATURE:0cxx_variable_templates
    Feature record: CXX_FEATURE:0cxx_variadic_macros
    Feature record: CXX_FEATURE:0cxx_variadic_templates
